<?xml version="1.0" encoding="UTF-8"?>
<!-- Generated by org.testng.reporters.JUnitReportReporter -->
<testsuite hostname="Vijaya" failures="0" tests="1" name="testNGTestScripts.TNGParametersFromXML" time="17.533" errors="0" timestamp="25 Feb 2019 15:32:39 GMT" skipped="0">
  <testcase classname="testNGTestScripts.TNGParametersFromXML" name="passingparameters" time="17.533"/>
</testsuite> <!-- testNGTestScripts.TNGParametersFromXML -->
