<?xml version="1.0" encoding="UTF-8"?>
<!-- Generated by org.testng.reporters.JUnitReportReporter -->
<testsuite hostname="Vijaya" failures="0" tests="4" name="testNGTestScripts.TNGVerifyPageTitle_B_A_Method" time="45.041" errors="0" timestamp="23 Feb 2019 02:11:17 GMT" skipped="0">
  <testcase classname="testNGTestScripts.TNGVerifyPageTitle_B_A_Method" name="verifyPageTitle" time="9.970"/>
  <testcase classname="testNGTestScripts.TNGVerifyPageTitle_B_A_Method" name="enter_search" time="9.890"/>
  <testcase classname="testNGTestScripts.TNGVerifyPageTitle_B_A_Method" name="click_search" time="15.109"/>
  <testcase classname="testNGTestScripts.TNGVerifyPageTitle_B_A_Method" name="skipped" time="10.072"/>
</testsuite> <!-- testNGTestScripts.TNGVerifyPageTitle_B_A_Method -->
