<?xml version="1.0" encoding="UTF-8"?>
<!-- Generated by org.testng.reporters.JUnitReportReporter -->
<testsuite hostname="Vijaya" failures="0" tests="1" name="testNGTestScripts.TNGMouseAndKeyActions" time="9.023" errors="0" timestamp="10 Mar 2019 05:54:43 GMT" skipped="0">
  <testcase classname="testNGTestScripts.TNGMouseAndKeyActions" name="nrightClick" time="9.023"/>
</testsuite> <!-- testNGTestScripts.TNGMouseAndKeyActions -->
