<?xml version="1.0" encoding="UTF-8"?>
<!-- Generated by org.testng.reporters.JUnitReportReporter -->
<testsuite hostname="Vijaya" failures="0" tests="1" name="testNGTestScripts.TNGYahooLoginWithParameters" time="5.934" errors="0" timestamp="22 Feb 2019 02:55:54 GMT" skipped="0">
  <testcase classname="testNGTestScripts.TNGYahooLoginWithParameters" name="yahooLoginWthParameters" time="5.934"/>
</testsuite> <!-- testNGTestScripts.TNGYahooLoginWithParameters -->
