<?xml version="1.0" encoding="UTF-8"?>
<!-- Generated by org.testng.reporters.JUnitReportReporter -->
<testsuite hostname="Vijaya" failures="0" tests="3" name="testNGTestScripts.TSignInVerifyMethodAnnotationWithPriority" time="50.248" errors="0" timestamp="19 Feb 2019 04:31:16 GMT" skipped="0">
  <testcase classname="testNGTestScripts.TSignInVerifyMethodAnnotationWithPriority" name="verifyUserWithvalidUIdPwd" time="19.592"/>
  <testcase classname="testNGTestScripts.TSignInVerifyMethodAnnotationWithPriority" name="verifyUserWithvalidUIdInvalidPwd" time="16.438"/>
  <testcase classname="testNGTestScripts.TSignInVerifyMethodAnnotationWithPriority" name="verifyUserWithValidUIdBlankPwd" time="14.218"/>
</testsuite> <!-- testNGTestScripts.TSignInVerifyMethodAnnotationWithPriority -->
