<?xml version="1.0" encoding="UTF-8"?>
<!-- Generated by org.testng.reporters.JUnitReportReporter -->
<testsuite hostname="Vijaya" failures="0" tests="1" name="testNGTestScripts.TNGMouseAndKeyActions" time="9.934" errors="0" timestamp="24 Mar 2019 00:51:30 GMT" skipped="0">
  <testcase classname="testNGTestScripts.TNGMouseAndKeyActions" name="nrightClick" time="9.934"/>
</testsuite> <!-- testNGTestScripts.TNGMouseAndKeyActions -->
