<?xml version="1.0" encoding="UTF-8"?>
<!-- Generated by org.testng.reporters.JUnitReportReporter -->
<testsuite hostname="Vijaya" failures="0" tests="1" name="testNGTestScripts.TVerifyPageTitle" time="8.706" errors="0" timestamp="19 Feb 2019 21:28:02 GMT" skipped="0">
  <testcase classname="testNGTestScripts.TVerifyPageTitle" name="verifyPageTitle" time="8.706"/>
</testsuite> <!-- testNGTestScripts.TVerifyPageTitle -->
