<?xml version="1.0" encoding="UTF-8"?>
<!-- Generated by org.testng.reporters.JUnitReportReporter -->
<testsuite hostname="Vijaya" failures="0" tests="1" name="testNGTestScripts.TYahooLoginWithParameters" time="5.781" errors="0" timestamp="20 Feb 2019 17:46:15 GMT" skipped="0">
  <testcase classname="testNGTestScripts.TYahooLoginWithParameters" name="yahooLoginWthParameters" time="5.781"/>
</testsuite> <!-- testNGTestScripts.TYahooLoginWithParameters -->
