<?xml version="1.0" encoding="UTF-8"?>
<!-- Generated by org.testng.reporters.JUnitReportReporter -->
<testsuite hostname="Vijaya" failures="0" tests="4" name="testNGTestScripts.TNGVerifyPageTitle" time="37.588" errors="0" timestamp="23 Feb 2019 00:03:16 GMT" skipped="0">
  <testcase classname="testNGTestScripts.TNGVerifyPageTitle" name="verifyPageTitle" time="8.114"/>
  <testcase classname="testNGTestScripts.TNGVerifyPageTitle" name="enter_search" time="9.419"/>
  <testcase classname="testNGTestScripts.TNGVerifyPageTitle" name="click_search" time="11.647"/>
  <testcase classname="testNGTestScripts.TNGVerifyPageTitle" name="skipped" time="8.408"/>
</testsuite> <!-- testNGTestScripts.TNGVerifyPageTitle -->
