<?xml version="1.0" encoding="UTF-8"?>
<!-- Generated by org.testng.reporters.JUnitReportReporter -->
<testsuite hostname="Vijaya" failures="0" tests="3" name="testNGTestScripts.TNGAmazonProductSearch" time="18.323" errors="0" timestamp="23 Feb 2019 00:42:23 GMT" skipped="0">
  <testcase classname="testNGTestScripts.TNGAmazonProductSearch" name="product_Search_cart" time="5.282"/>
  <testcase classname="testNGTestScripts.TNGAmazonProductSearch" name="product_Search_cart" time="6.303"/>
  <testcase classname="testNGTestScripts.TNGAmazonProductSearch" name="product_Search_cart" time="6.738"/>
</testsuite> <!-- testNGTestScripts.TNGAmazonProductSearch -->
