<?xml version="1.0" encoding="UTF-8"?>
<!-- Generated by org.testng.reporters.JUnitReportReporter -->
<testsuite hostname="Vijaya" failures="0" tests="2" name="testNGTestScripts.TNGHandlingDynamicWebTable" time="82.694" errors="0" timestamp="10 Mar 2019 05:48:09 GMT" skipped="0">
  <testcase classname="testNGTestScripts.TNGHandlingDynamicWebTable" name="w3Schools" time="41.454"/>
  <testcase classname="testNGTestScripts.TNGHandlingDynamicWebTable" name="handlingDynamicWebTableMethod2" time="41.240"/>
</testsuite> <!-- testNGTestScripts.TNGHandlingDynamicWebTable -->
