<?xml version="1.0" encoding="UTF-8"?>
<!-- Generated by org.testng.reporters.JUnitReportReporter -->
<testsuite hostname="Vijaya" failures="0" tests="3" name="testNGTestScripts.TSignInVerifyMethodAnnotation" time="49.275" errors="0" timestamp="19 Feb 2019 04:22:55 GMT" skipped="0">
  <testcase classname="testNGTestScripts.TSignInVerifyMethodAnnotation" name="verifyUserWithvalidUIdPwd" time="18.957"/>
  <testcase classname="testNGTestScripts.TSignInVerifyMethodAnnotation" name="verifyUserWithvalidUIdInvalidPwd" time="15.885"/>
  <testcase classname="testNGTestScripts.TSignInVerifyMethodAnnotation" name="verifyUserWithValidUIdBlankPwd" time="14.433"/>
</testsuite> <!-- testNGTestScripts.TSignInVerifyMethodAnnotation -->
