<?xml version="1.0" encoding="UTF-8"?>
<!-- Generated by org.testng.reporters.JUnitReportReporter -->
<testsuite hostname="Vijaya" failures="0" tests="2" name="testNGTestScripts.TNGBrowserParameter" time="8.106" errors="0" timestamp="10 Mar 2019 19:51:05 GMT" skipped="0">
  <testcase classname="testNGTestScripts.TNGBrowserParameter" name="launchBrowser" time="7.142"/>
  <testcase classname="testNGTestScripts.TNGBrowserParameter" name="enterCredentials" time="0.964"/>
</testsuite> <!-- testNGTestScripts.TNGBrowserParameter -->
