<?xml version="1.0" encoding="UTF-8"?>
<!-- Generated by org.testng.reporters.JUnitReportReporter -->
<testsuite hostname="Vijaya" failures="0" tests="3" name="testNGTestScripts.TNGAllAnnotatios" time="0.013" errors="0" timestamp="22 Feb 2019 02:55:54 GMT" skipped="0">
  <testcase classname="testNGTestScripts.TNGAllAnnotatios" name="f3" time="0.003"/>
  <testcase classname="testNGTestScripts.TNGAllAnnotatios" name="f2" time="0.003"/>
  <testcase classname="testNGTestScripts.TNGAllAnnotatios" name="f1" time="0.007"/>
</testsuite> <!-- testNGTestScripts.TNGAllAnnotatios -->
