<?xml version="1.0" encoding="UTF-8"?>
<!-- Generated by org.testng.reporters.JUnitReportReporter -->
<testsuite hostname="Vijaya" failures="0" tests="3" name="testNGTestScripts.TSignIn" time="21.856" errors="0" timestamp="19 Feb 2019 04:13:59 GMT" skipped="0">
  <testcase classname="testNGTestScripts.TSignIn" name="verifyUserWithvalidUIdInvalidPwd" time="6.749"/>
  <testcase classname="testNGTestScripts.TSignIn" name="verifyUserWithValidUIdBlankPwd" time="5.472"/>
  <testcase classname="testNGTestScripts.TSignIn" name="verifyUserWithvalidUIdPwd" time="9.635"/>
</testsuite> <!-- testNGTestScripts.TSignIn -->
