<?xml version="1.0" encoding="UTF-8"?>
<!-- Generated by org.testng.reporters.JUnitReportReporter -->
<testsuite hostname="Vijaya" failures="0" tests="3" name="testNGTestScripts.TAllAnnotatios" time="0.008" errors="0" timestamp="19 Feb 2019 03:51:14 GMT" skipped="0">
  <testcase classname="testNGTestScripts.TAllAnnotatios" name="f2" time="0.002"/>
  <testcase classname="testNGTestScripts.TAllAnnotatios" name="f3" time="0.002"/>
  <testcase classname="testNGTestScripts.TAllAnnotatios" name="f1" time="0.004"/>
</testsuite> <!-- testNGTestScripts.TAllAnnotatios -->
