<?xml version="1.0" encoding="UTF-8"?>
<!-- Generated by org.testng.reporters.JUnitReportReporter -->
<testsuite hostname="Vijaya" failures="0" tests="4" name="demoMavenTestPack.MvnTest1" time="0.004" errors="0" timestamp="28 Mar 2019 04:03:39 GMT">
  <testcase classname="demoMavenTestPack.MvnTest1" name="sum" time="0.001"/>
  <testcase classname="demoMavenTestPack.MvnTest1" name="sub" time="0.001"/>
  <testcase classname="demoMavenTestPack.MvnTest1" name="div" time="0.001"/>
  <testcase classname="demoMavenTestPack.MvnTest1" name="mul" time="0.001"/>
</testsuite> <!-- demoMavenTestPack.MvnTest1 -->
