<?xml version="1.0" encoding="UTF-8"?>
<!-- Generated by org.testng.reporters.JUnitReportReporter -->
<testsuite hostname="Vijaya" failures="0" tests="4" name="demoMavenTestPack.MvnTest" time="0.016" errors="0" timestamp="31 Mar 2019 01:21:22 GMT">
  <testcase classname="demoMavenTestPack.MvnTest" name="div" time="0.016"/>
  <testcase classname="demoMavenTestPack.MvnTest" name="sum" time="0.000"/>
  <testcase classname="demoMavenTestPack.MvnTest" name="sub" time="0.000"/>
  <testcase classname="demoMavenTestPack.MvnTest" name="mul" time="0.000"/>
</testsuite> <!-- demoMavenTestPack.MvnTest -->
